<?xml version="1.0" encoding="UTF-8" ?>
<testsuite tests="4" failures="1" name="com.sg.flooringmasteryp.dao.OrdersDaoFileImplTest" time="0.154" errors="0" skipped="0">
  <properties>
[...]
</properties>
  <testcase classname="com.sg.flooringmasteryp.dao.OrdersDaoFileImplTest" name="com.sg.flooringmasteryp.dao.OrdersDaoFileImplTest.testEditOrderFail" time="0.103"/>
  <testcase classname="com.sg.flooringmasteryp.dao.OrdersDaoFileImplTest" name="com.sg.flooringmasteryp.dao.OrdersDaoFileImplTest.testRemoveOrder" time="0.027"/>
  <testcase classname="com.sg.flooringmasteryp.dao.OrdersDaoFileImplTest" name="com.sg.flooringmasteryp.dao.OrdersDaoFileImplTest.testEditOrder" time="0.006">
    <failure message="Non-terminating decimal expansion; no exact representable decimal result." type="java.lang.ArithmeticException">java.lang.ArithmeticException: Non-terminating decimal expansion; no exact representable decimal result.
	at java.base/java.math.BigDecimal.divide(BigDecimal.java:1722)
	at com.sg.flooringmasteryp.dao.OrdersDaoFileImplTest.testEditOrder(OrdersDaoFileImplTest.java:83)
</failure>
  </testcase>
  <testcase classname="com.sg.flooringmasteryp.dao.OrdersDaoFileImplTest" name="com.sg.flooringmasteryp.dao.OrdersDaoFileImplTest.testAddGetOrders" time="0.018"/>
</testsuite>